Vivado Simulator 2018.3
Copyright 1986-1999, 2001-2018 Xilinx, Inc. All Rights Reserved.
Running: D:/Work/Vivado/2018.3/bin/unwrapped/win64.o/xelab.exe -wto 8de8692e6f7648c084645fde77f29b66 --incr --debug typical --relax --mt 2 -L xil_defaultlib -L blk_mem_gen_v8_4_2 -L generic_baseblocks_v2_1_0 -L axi_infrastructure_v1_1_0 -L axi_register_slice_v2_1_18 -L fifo_generator_v13_2_3 -L axi_data_fifo_v2_1_17 -L axi_crossbar_v2_1_19 -L axi_clock_converter_v2_1_17 -L unisims_ver -L unimacro_ver -L secureip -L xpm --snapshot tb_top_behav xil_defaultlib.tb_top xil_defaultlib.glbl -log elaborate.log 
Using 2 slave threads.
Starting static elaboration
WARNING: [VRFC 10-3091] actual bit length 6 differs from formal bit length 7 for port 'int' [D:/CDE49/soc_axi_func/rtl/soc_axi_lite_top.v:320]
WARNING: [VRFC 10-3091] actual bit length 4 differs from formal bit length 8 for port 'arlen' [D:/CDE49/soc_axi_func/rtl/soc_axi_lite_top.v:692]
WARNING: [VRFC 10-3091] actual bit length 4 differs from formal bit length 8 for port 'awlen' [D:/CDE49/soc_axi_func/rtl/soc_axi_lite_top.v:708]
Completed static elaboration
Starting simulation data flow analysis
Completed simulation data flow analysis
Time Resolution for simulation is 1ps
Compiling module xil_defaultlib.PC
Compiling module xil_defaultlib.PipelineDeliver(WIDTH=32)
Compiling module xil_defaultlib.IFID
Compiling module xil_defaultlib.RegGen
Compiling module xil_defaultlib.FunctGen
Compiling module xil_defaultlib.OperandGen
Compiling module xil_defaultlib.BranchGen
Compiling module xil_defaultlib.MemGen
Compiling module xil_defaultlib.ID
Compiling module xil_defaultlib.PipelineDeliver(WIDTH=6)
Compiling module xil_defaultlib.PipelineDeliver(WIDTH=5)
Compiling module xil_defaultlib.PipelineDeliver
Compiling module xil_defaultlib.PipelineDeliver(WIDTH=4)
Compiling module xil_defaultlib.IDEX
Compiling module xil_defaultlib.EX
Compiling module xil_defaultlib.EXMEM
Compiling module xil_defaultlib.MEM
Compiling module xil_defaultlib.MEMWB
Compiling module xil_defaultlib.WB
Compiling module xil_defaultlib.RegFile
Compiling module xil_defaultlib.RegReadProxy
Compiling module xil_defaultlib.PipelineController
Compiling module xil_defaultlib.Core
Compiling module xil_defaultlib.StaticMMU
Compiling module xil_defaultlib.AXIAdapter
Compiling module xil_defaultlib.TinyMIPS
Compiling module generic_baseblocks_v2_1_0.generic_baseblocks_v2_1_0_carry_...
Compiling module generic_baseblocks_v2_1_0.generic_baseblocks_v2_1_0_compar...
Compiling module axi_crossbar_v2_1_19.axi_crossbar_v2_1_19_addr_decode...
Compiling module axi_crossbar_v2_1_19.axi_crossbar_v2_1_19_arbiter_res...
Compiling module generic_baseblocks_v2_1_0.generic_baseblocks_v2_1_0_mux_en...
Compiling module unisims_ver.SRLC32E_default
Compiling module axi_data_fifo_v2_1_17.axi_data_fifo_v2_1_17_ndeep_srl(...
Compiling module axi_data_fifo_v2_1_17.axi_data_fifo_v2_1_17_axic_srl_f...
Compiling module axi_crossbar_v2_1_19.axi_crossbar_v2_1_19_si_transact...
Compiling module generic_baseblocks_v2_1_0.generic_baseblocks_v2_1_0_mux_en...
Compiling module axi_crossbar_v2_1_19.axi_crossbar_v2_1_19_si_transact...
Compiling module axi_crossbar_v2_1_19.axi_crossbar_v2_1_19_splitter
Compiling module axi_data_fifo_v2_1_17.axi_data_fifo_v2_1_17_ndeep_srl(...
Compiling module axi_data_fifo_v2_1_17.axi_data_fifo_v2_1_17_axic_reg_s...
Compiling module axi_crossbar_v2_1_19.axi_crossbar_v2_1_19_wdata_route...
Compiling module axi_crossbar_v2_1_19.axi_crossbar_v2_1_19_si_transact...
Compiling module axi_crossbar_v2_1_19.axi_crossbar_v2_1_19_si_transact...
Compiling module axi_crossbar_v2_1_19.axi_crossbar_v2_1_19_addr_decode...
Compiling module axi_data_fifo_v2_1_17.axi_data_fifo_v2_1_17_axic_reg_s...
Compiling module generic_baseblocks_v2_1_0.generic_baseblocks_v2_1_0_mux_en...
Compiling module axi_crossbar_v2_1_19.axi_crossbar_v2_1_19_wdata_mux(C...
Compiling module axi_data_fifo_v2_1_17.axi_data_fifo_v2_1_17_axic_srl_f...
Compiling module axi_infrastructure_v1_1_0.axi_infrastructure_v1_1_0_axi2ve...
Compiling module axi_register_slice_v2_1_18.axi_register_slice_v2_1_18_axic_...
Compiling module axi_register_slice_v2_1_18.axi_register_slice_v2_1_18_axic_...
Compiling module axi_register_slice_v2_1_18.axi_register_slice_v2_1_18_axic_...
Compiling module axi_register_slice_v2_1_18.axi_register_slice_v2_1_18_axic_...
Compiling module axi_infrastructure_v1_1_0.axi_infrastructure_v1_1_0_vector...
Compiling module axi_register_slice_v2_1_18.axi_register_slice_v2_1_18_axi_r...
Compiling module axi_data_fifo_v2_1_17.axi_data_fifo_v2_1_17_ndeep_srl(...
Compiling module axi_data_fifo_v2_1_17.axi_data_fifo_v2_1_17_axic_reg_s...
Compiling module axi_crossbar_v2_1_19.axi_crossbar_v2_1_19_wdata_mux(C...
Compiling module axi_data_fifo_v2_1_17.axi_data_fifo_v2_1_17_axic_srl_f...
Compiling module generic_baseblocks_v2_1_0.generic_baseblocks_v2_1_0_mux_en...
Compiling module generic_baseblocks_v2_1_0.generic_baseblocks_v2_1_0_mux_en...
Compiling module axi_crossbar_v2_1_19.axi_crossbar_v2_1_19_addr_arbite...
Compiling module axi_crossbar_v2_1_19.axi_crossbar_v2_1_19_decerr_slav...
Compiling module axi_crossbar_v2_1_19.axi_crossbar_v2_1_19_crossbar(C_...
Compiling module axi_crossbar_v2_1_19.axi_crossbar_v2_1_19_axi_crossba...
Compiling module xil_defaultlib.InternalCrossbar
Compiling module xil_defaultlib.mycpu_top
Compiling module xil_defaultlib.axi_wrap
Compiling module fifo_generator_v13_2_3.fifo_generator_v13_2_3_sync_stag...
Compiling module fifo_generator_v13_2_3.fifo_generator_v13_2_3_bhv_ver_a...
Compiling module fifo_generator_v13_2_3.fifo_generator_v13_2_3_bhv_ver_p...
Compiling module fifo_generator_v13_2_3.fifo_generator_v13_2_3_CONV_VER(...
Compiling module fifo_generator_v13_2_3.fifo_generator_vlog_beh(C_DATA_C...
Compiling module fifo_generator_v13_2_3.fifo_generator_v13_2_3_bhv_ver_a...
Compiling module fifo_generator_v13_2_3.fifo_generator_v13_2_3_bhv_ver_p...
Compiling module fifo_generator_v13_2_3.fifo_generator_v13_2_3_CONV_VER(...
Compiling module fifo_generator_v13_2_3.fifo_generator_vlog_beh(C_DATA_C...
Compiling module fifo_generator_v13_2_3.fifo_generator_v13_2_3_bhv_ver_a...
Compiling module fifo_generator_v13_2_3.fifo_generator_v13_2_3_bhv_ver_p...
Compiling module fifo_generator_v13_2_3.fifo_generator_v13_2_3_CONV_VER(...
Compiling module fifo_generator_v13_2_3.fifo_generator_vlog_beh(C_DATA_C...
Compiling module fifo_generator_v13_2_3.fifo_generator_vlog_beh(C_DATA_C...
Compiling module fifo_generator_v13_2_3.fifo_generator_v13_2_3_bhv_ver_a...
Compiling module fifo_generator_v13_2_3.fifo_generator_v13_2_3_bhv_ver_p...
Compiling module fifo_generator_v13_2_3.fifo_generator_v13_2_3_CONV_VER(...
Compiling module fifo_generator_v13_2_3.fifo_generator_vlog_beh(C_DATA_C...
Compiling module fifo_generator_v13_2_3.fifo_generator_v13_2_3(C_DATA_CO...
Compiling module axi_clock_converter_v2_1_17.axi_clock_converter_v2_1_17_axi_...
Compiling module xil_defaultlib.axi_clock_converter
Compiling module generic_baseblocks_v2_1_0.generic_baseblocks_v2_1_0_compar...
Compiling module generic_baseblocks_v2_1_0.generic_baseblocks_v2_1_0_compar...
Compiling module generic_baseblocks_v2_1_0.generic_baseblocks_v2_1_0_compar...
Compiling module generic_baseblocks_v2_1_0.generic_baseblocks_v2_1_0_compar...
Compiling module generic_baseblocks_v2_1_0.generic_baseblocks_v2_1_0_compar...
Compiling module axi_crossbar_v2_1_19.axi_crossbar_v2_1_19_addr_decode...
Compiling module axi_crossbar_v2_1_19.axi_crossbar_v2_1_19_arbiter_res...
Compiling module generic_baseblocks_v2_1_0.generic_baseblocks_v2_1_0_mux_en...
Compiling module axi_crossbar_v2_1_19.axi_crossbar_v2_1_19_si_transact...
Compiling module generic_baseblocks_v2_1_0.generic_baseblocks_v2_1_0_mux_en...
Compiling module axi_crossbar_v2_1_19.axi_crossbar_v2_1_19_si_transact...
Compiling module axi_data_fifo_v2_1_17.axi_data_fifo_v2_1_17_axic_reg_s...
Compiling module axi_crossbar_v2_1_19.axi_crossbar_v2_1_19_wdata_route...
Compiling module axi_crossbar_v2_1_19.axi_crossbar_v2_1_19_wdata_mux(C...
Compiling module axi_crossbar_v2_1_19.axi_crossbar_v2_1_19_wdata_mux(C...
Compiling module axi_crossbar_v2_1_19.axi_crossbar_v2_1_19_addr_arbite...
Compiling module axi_crossbar_v2_1_19.axi_crossbar_v2_1_19_crossbar(C_...
Compiling module axi_crossbar_v2_1_19.axi_crossbar_v2_1_19_axi_crossba...
Compiling module xil_defaultlib.axi_crossbar_1x2
Compiling module blk_mem_gen_v8_4_2.beh_vlog_ff_clr_v8_4(INIT=1'b0)
Compiling module blk_mem_gen_v8_4_2.beh_vlog_ff_pre_v8_4(INIT=1'b1)
Compiling module blk_mem_gen_v8_4_2.STATE_LOGIC_v8_4(INIT=64'b010101...
Compiling module blk_mem_gen_v8_4_2.STATE_LOGIC_v8_4(INIT=64'b101111...
Compiling module blk_mem_gen_v8_4_2.STATE_LOGIC_v8_4(INIT=64'b101010...
Compiling module blk_mem_gen_v8_4_2.STATE_LOGIC_v8_4(INIT=64'b010101...
Compiling module blk_mem_gen_v8_4_2.STATE_LOGIC_v8_4(INIT=64'b010001...
Compiling module blk_mem_gen_v8_4_2.STATE_LOGIC_v8_4(INIT=64'b010001...
Compiling module blk_mem_gen_v8_4_2.STATE_LOGIC_v8_4(INIT=64'b011010...
Compiling module blk_mem_gen_v8_4_2.STATE_LOGIC_v8_4(INIT=64'b111111...
Compiling module blk_mem_gen_v8_4_2.STATE_LOGIC_v8_4(INIT=64'b011000...
Compiling module blk_mem_gen_v8_4_2.STATE_LOGIC_v8_4(INIT=64'b011111...
Compiling module blk_mem_gen_v8_4_2.STATE_LOGIC_v8_4(INIT=64'b0111)
Compiling module blk_mem_gen_v8_4_2.STATE_LOGIC_v8_4(INIT=64'b111110...
Compiling module blk_mem_gen_v8_4_2.STATE_LOGIC_v8_4(INIT=64'b01000)
Compiling module blk_mem_gen_v8_4_2.STATE_LOGIC_v8_4(INIT=64'b100010...
Compiling module blk_mem_gen_v8_4_2.write_netlist_v8_4(C_AXI_TYPE=1)
Compiling module blk_mem_gen_v8_4_2.blk_mem_axi_write_wrapper_beh_v8...
Compiling module blk_mem_gen_v8_4_2.beh_vlog_ff_ce_clr_v8_4(INIT=1'b...
Compiling module blk_mem_gen_v8_4_2.STATE_LOGIC_v8_4(INIT=64'b01011)
Compiling module blk_mem_gen_v8_4_2.STATE_LOGIC_v8_4(INIT=64'b0100)
Compiling module blk_mem_gen_v8_4_2.STATE_LOGIC_v8_4(INIT=64'b111011...
Compiling module blk_mem_gen_v8_4_2.STATE_LOGIC_v8_4(INIT=64'b010001...
Compiling module blk_mem_gen_v8_4_2.STATE_LOGIC_v8_4(INIT=64'b010000...
Compiling module blk_mem_gen_v8_4_2.STATE_LOGIC_v8_4(INIT=64'b011111...
Compiling module blk_mem_gen_v8_4_2.STATE_LOGIC_v8_4(INIT=64'b01)
Compiling module blk_mem_gen_v8_4_2.STATE_LOGIC_v8_4(INIT=64'b010000...
Compiling module blk_mem_gen_v8_4_2.STATE_LOGIC_v8_4(INIT=64'b010001...
Compiling module blk_mem_gen_v8_4_2.STATE_LOGIC_v8_4(INIT=64'b011101...
Compiling module blk_mem_gen_v8_4_2.STATE_LOGIC_v8_4(INIT=64'b111111...
Compiling module blk_mem_gen_v8_4_2.STATE_LOGIC_v8_4(INIT=64'b010101...
Compiling module blk_mem_gen_v8_4_2.STATE_LOGIC_v8_4(INIT=64'b111100...
Compiling module blk_mem_gen_v8_4_2.beh_vlog_muxf7_v8_4
Compiling module blk_mem_gen_v8_4_2.STATE_LOGIC_v8_4(INIT=64'b010101...
Compiling module blk_mem_gen_v8_4_2.STATE_LOGIC_v8_4(INIT=64'b011100...
Compiling module blk_mem_gen_v8_4_2.STATE_LOGIC_v8_4(INIT=64'b011111...
Compiling module blk_mem_gen_v8_4_2.STATE_LOGIC_v8_4(INIT=64'b010001...
Compiling module blk_mem_gen_v8_4_2.STATE_LOGIC_v8_4(INIT=64'b010001...
Compiling module blk_mem_gen_v8_4_2.STATE_LOGIC_v8_4(INIT=64'b011100...
Compiling module blk_mem_gen_v8_4_2.read_netlist_v8_4(C_ADDRB_WIDTH=...
Compiling module blk_mem_gen_v8_4_2.blk_mem_axi_read_wrapper_beh_v8_...
Compiling module blk_mem_gen_v8_4_2.blk_mem_gen_v8_4_2_output_stage(...
Compiling module blk_mem_gen_v8_4_2.blk_mem_gen_v8_4_2_output_stage(...
Compiling module blk_mem_gen_v8_4_2.blk_mem_gen_v8_4_2_softecc_outpu...
Compiling module blk_mem_gen_v8_4_2.blk_mem_gen_v8_4_2_mem_module(C_...
Compiling module blk_mem_gen_v8_4_2.blk_mem_gen_v8_4_2(C_FAMILY="art...
Compiling module xil_defaultlib.axi_ram
Compiling module xil_defaultlib.axi_wrap_ram
Compiling module xil_defaultlib.confreg(SIMULATION=1'b1)
Compiling module xil_defaultlib.soc_axi_lite_top(SIMULATION=1'b1...
Compiling module xil_defaultlib.tb_top
WARNING: [XSIM 43-3373] "D:/CDE49/soc_axi_func/testbench/mycpu_tb.v" Line 126. System function $fscanf is used as system task. This system function should have a LHS e.g. x=$fscanf().
Compiling module xil_defaultlib.glbl
Built simulation snapshot tb_top_behav
